{"D:\\2026Judo\\judo-backend\\src\\application\\atletasClub\\AsignarJudoka.js": {"path":"D:\\2026Judo\\judo-backend\\src\\application\\atletasClub\\AsignarJudoka.js","statementMap":{"0":{"start":{"line":1,"column":17},"end":{"line":1,"column":56}},"1":{"start":{"line":5,"column":4},"end":{"line":5,"column":52}},"2":{"start":{"line":9,"column":4},"end":{"line":11,"column":5}},"3":{"start":{"line":10,"column":6},"end":{"line":10,"column":71}},"4":{"start":{"line":12,"column":4},"end":{"line":14,"column":5}},"5":{"start":{"line":13,"column":6},"end":{"line":13,"column":65}},"6":{"start":{"line":17,"column":29},"end":{"line":17,"column":99}},"7":{"start":{"line":18,"column":4},"end":{"line":20,"column":5}},"8":{"start":{"line":19,"column":6},"end":{"line":19,"column":94}},"9":{"start":{"line":22,"column":4},"end":{"line":27,"column":6}},"10":{"start":{"line":31,"column":0},"end":{"line":31,"column":30}}},"fnMap":{"0":{"name":"(anonymous_0)","decl":{"start":{"line":4,"column":2},"end":{"line":4,"column":3}},"loc":{"start":{"line":4,"column":36},"end":{"line":6,"column":3}},"line":4},"1":{"name":"(anonymous_1)","decl":{"start":{"line":8,"column":2},"end":{"line":8,"column":3}},"loc":{"start":{"line":8,"column":36},"end":{"line":28,"column":3}},"line":8}},"branchMap":{"0":{"loc":{"start":{"line":9,"column":4},"end":{"line":11,"column":5}},"type":"if","locations":[{"start":{"line":9,"column":4},"end":{"line":11,"column":5}},{"start":{},"end":{}}],"line":9},"1":{"loc":{"start":{"line":12,"column":4},"end":{"line":14,"column":5}},"type":"if","locations":[{"start":{"line":12,"column":4},"end":{"line":14,"column":5}},{"start":{},"end":{}}],"line":12},"2":{"loc":{"start":{"line":12,"column":8},"end":{"line":12,"column":40}},"type":"binary-expr","locations":[{"start":{"line":12,"column":8},"end":{"line":12,"column":23}},{"start":{"line":12,"column":27},"end":{"line":12,"column":40}}],"line":12},"3":{"loc":{"start":{"line":18,"column":4},"end":{"line":20,"column":5}},"type":"if","locations":[{"start":{"line":18,"column":4},"end":{"line":20,"column":5}},{"start":{},"end":{}}],"line":18}},"s":{"0":1,"1":2,"2":2,"3":0,"4":2,"5":0,"6":2,"7":2,"8":1,"9":1,"10":1},"f":{"0":2,"1":2},"b":{"0":[0,2],"1":[0,2],"2":[2,2],"3":[1,1]},"_coverageSchema":"1a1c01bbd47fc00a2c39e90264f33305004495a9","hash":"443ae04b82efe4dfaa4c4061ac52cfb88e359a0d"}
,"D:\\2026Judo\\judo-backend\\src\\application\\atletasClub\\DesactivarJudoka.js": {"path":"D:\\2026Judo\\judo-backend\\src\\application\\atletasClub\\DesactivarJudoka.js","statementMap":{"0":{"start":{"line":1,"column":17},"end":{"line":1,"column":56}},"1":{"start":{"line":5,"column":4},"end":{"line":5,"column":52}},"2":{"start":{"line":9,"column":4},"end":{"line":11,"column":5}},"3":{"start":{"line":10,"column":6},"end":{"line":10,"column":50}},"4":{"start":{"line":13,"column":29},"end":{"line":13,"column":93}},"5":{"start":{"line":14,"column":4},"end":{"line":14,"column":90}},"6":{"start":{"line":14,"column":27},"end":{"line":14,"column":90}},"7":{"start":{"line":16,"column":4},"end":{"line":21,"column":6}},"8":{"start":{"line":25,"column":0},"end":{"line":25,"column":33}}},"fnMap":{"0":{"name":"(anonymous_0)","decl":{"start":{"line":4,"column":2},"end":{"line":4,"column":3}},"loc":{"start":{"line":4,"column":36},"end":{"line":6,"column":3}},"line":4},"1":{"name":"(anonymous_1)","decl":{"start":{"line":8,"column":2},"end":{"line":8,"column":3}},"loc":{"start":{"line":8,"column":46},"end":{"line":22,"column":3}},"line":8}},"branchMap":{"0":{"loc":{"start":{"line":9,"column":4},"end":{"line":11,"column":5}},"type":"if","locations":[{"start":{"line":9,"column":4},"end":{"line":11,"column":5}},{"start":{},"end":{}}],"line":9},"1":{"loc":{"start":{"line":14,"column":4},"end":{"line":14,"column":90}},"type":"if","locations":[{"start":{"line":14,"column":4},"end":{"line":14,"column":90}},{"start":{},"end":{}}],"line":14},"2":{"loc":{"start":{"line":19,"column":20},"end":{"line":19,"column":55}},"type":"binary-expr","locations":[{"start":{"line":19,"column":20},"end":{"line":19,"column":38}},{"start":{"line":19,"column":42},"end":{"line":19,"column":55}}],"line":19},"3":{"loc":{"start":{"line":20,"column":14},"end":{"line":20,"column":40}},"type":"binary-expr","locations":[{"start":{"line":20,"column":14},"end":{"line":20,"column":26}},{"start":{"line":20,"column":30},"end":{"line":20,"column":40}}],"line":20}},"s":{"0":1,"1":2,"2":2,"3":0,"4":2,"5":2,"6":1,"7":1,"8":1},"f":{"0":2,"1":2},"b":{"0":[0,2],"1":[1,1],"2":[1,0],"3":[1,1]},"_coverageSchema":"1a1c01bbd47fc00a2c39e90264f33305004495a9","hash":"ae6b16f4f1fd2dcd51193e2c4c2264101e855dd5"}
,"D:\\2026Judo\\judo-backend\\src\\application\\atletasClub\\HistorialJudoka.js": {"path":"D:\\2026Judo\\judo-backend\\src\\application\\atletasClub\\HistorialJudoka.js","statementMap":{"0":{"start":{"line":3,"column":6},"end":{"line":3,"column":54}},"1":{"start":{"line":7,"column":6},"end":{"line":7,"column":73}},"2":{"start":{"line":11,"column":2},"end":{"line":11,"column":34}}},"fnMap":{"0":{"name":"(anonymous_0)","decl":{"start":{"line":2,"column":4},"end":{"line":2,"column":5}},"loc":{"start":{"line":2,"column":38},"end":{"line":4,"column":5}},"line":2},"1":{"name":"(anonymous_1)","decl":{"start":{"line":6,"column":4},"end":{"line":6,"column":5}},"loc":{"start":{"line":6,"column":29},"end":{"line":8,"column":5}},"line":6}},"branchMap":{},"s":{"0":1,"1":1,"2":1},"f":{"0":1,"1":1},"b":{},"_coverageSchema":"1a1c01bbd47fc00a2c39e90264f33305004495a9","hash":"bc54c50db59ff5c6a3259961b643f65c13387e05"}
,"D:\\2026Judo\\judo-backend\\src\\application\\clubes\\ActualizarClub.js": {"path":"D:\\2026Judo\\judo-backend\\src\\application\\clubes\\ActualizarClub.js","statementMap":{"0":{"start":{"line":1,"column":17},"end":{"line":1,"column":56}},"1":{"start":{"line":5,"column":4},"end":{"line":5,"column":40}},"2":{"start":{"line":9,"column":4},"end":{"line":11,"column":5}},"3":{"start":{"line":10,"column":6},"end":{"line":10,"column":73}},"4":{"start":{"line":12,"column":17},"end":{"line":12,"column":59}},"5":{"start":{"line":13,"column":4},"end":{"line":13,"column":60}},"6":{"start":{"line":13,"column":15},"end":{"line":13,"column":60}},"7":{"start":{"line":15,"column":4},"end":{"line":15,"column":58}},"8":{"start":{"line":19,"column":0},"end":{"line":19,"column":31}}},"fnMap":{"0":{"name":"(anonymous_0)","decl":{"start":{"line":4,"column":2},"end":{"line":4,"column":3}},"loc":{"start":{"line":4,"column":30},"end":{"line":6,"column":3}},"line":4},"1":{"name":"(anonymous_1)","decl":{"start":{"line":8,"column":2},"end":{"line":8,"column":3}},"loc":{"start":{"line":8,"column":40},"end":{"line":16,"column":3}},"line":8}},"branchMap":{"0":{"loc":{"start":{"line":9,"column":4},"end":{"line":11,"column":5}},"type":"if","locations":[{"start":{"line":9,"column":4},"end":{"line":11,"column":5}},{"start":{},"end":{}}],"line":9},"1":{"loc":{"start":{"line":13,"column":4},"end":{"line":13,"column":60}},"type":"if","locations":[{"start":{"line":13,"column":4},"end":{"line":13,"column":60}},{"start":{},"end":{}}],"line":13}},"s":{"0":1,"1":2,"2":2,"3":0,"4":2,"5":2,"6":1,"7":1,"8":1},"f":{"0":2,"1":2},"b":{"0":[0,2],"1":[1,1]},"_coverageSchema":"1a1c01bbd47fc00a2c39e90264f33305004495a9","hash":"30c1fbf4dcc49f6802c5e7b75ca150955ff83d3c"}
,"D:\\2026Judo\\judo-backend\\src\\application\\clubes\\CrearClub.js": {"path":"D:\\2026Judo\\judo-backend\\src\\application\\clubes\\CrearClub.js","statementMap":{"0":{"start":{"line":1,"column":17},"end":{"line":1,"column":56}},"1":{"start":{"line":5,"column":4},"end":{"line":5,"column":40}},"2":{"start":{"line":9,"column":4},"end":{"line":11,"column":5}},"3":{"start":{"line":10,"column":6},"end":{"line":10,"column":68}},"4":{"start":{"line":12,"column":4},"end":{"line":12,"column":81}},"5":{"start":{"line":12,"column":23},"end":{"line":12,"column":81}},"6":{"start":{"line":14,"column":4},"end":{"line":14,"column":49}},"7":{"start":{"line":18,"column":0},"end":{"line":18,"column":26}}},"fnMap":{"0":{"name":"(anonymous_0)","decl":{"start":{"line":4,"column":2},"end":{"line":4,"column":3}},"loc":{"start":{"line":4,"column":30},"end":{"line":6,"column":3}},"line":4},"1":{"name":"(anonymous_1)","decl":{"start":{"line":8,"column":2},"end":{"line":8,"column":3}},"loc":{"start":{"line":8,"column":36},"end":{"line":15,"column":3}},"line":8}},"branchMap":{"0":{"loc":{"start":{"line":9,"column":4},"end":{"line":11,"column":5}},"type":"if","locations":[{"start":{"line":9,"column":4},"end":{"line":11,"column":5}},{"start":{},"end":{}}],"line":9},"1":{"loc":{"start":{"line":12,"column":4},"end":{"line":12,"column":81}},"type":"if","locations":[{"start":{"line":12,"column":4},"end":{"line":12,"column":81}},{"start":{},"end":{}}],"line":12}},"s":{"0":1,"1":2,"2":2,"3":0,"4":2,"5":1,"6":1,"7":1},"f":{"0":2,"1":2},"b":{"0":[0,2],"1":[1,1]},"_coverageSchema":"1a1c01bbd47fc00a2c39e90264f33305004495a9","hash":"099a9387b60a4fbcc432194e66823a38ac7e3238"}
,"D:\\2026Judo\\judo-backend\\src\\application\\clubes\\ObtenerClub.js": {"path":"D:\\2026Judo\\judo-backend\\src\\application\\clubes\\ObtenerClub.js","statementMap":{"0":{"start":{"line":1,"column":17},"end":{"line":1,"column":56}},"1":{"start":{"line":5,"column":4},"end":{"line":5,"column":40}},"2":{"start":{"line":9,"column":17},"end":{"line":9,"column":59}},"3":{"start":{"line":10,"column":4},"end":{"line":10,"column":60}},"4":{"start":{"line":10,"column":15},"end":{"line":10,"column":60}},"5":{"start":{"line":11,"column":4},"end":{"line":11,"column":15}},"6":{"start":{"line":15,"column":0},"end":{"line":15,"column":28}}},"fnMap":{"0":{"name":"(anonymous_0)","decl":{"start":{"line":4,"column":2},"end":{"line":4,"column":3}},"loc":{"start":{"line":4,"column":30},"end":{"line":6,"column":3}},"line":4},"1":{"name":"(anonymous_1)","decl":{"start":{"line":8,"column":2},"end":{"line":8,"column":3}},"loc":{"start":{"line":8,"column":21},"end":{"line":12,"column":3}},"line":8}},"branchMap":{"0":{"loc":{"start":{"line":10,"column":4},"end":{"line":10,"column":60}},"type":"if","locations":[{"start":{"line":10,"column":4},"end":{"line":10,"column":60}},{"start":{},"end":{}}],"line":10}},"s":{"0":1,"1":2,"2":2,"3":2,"4":1,"5":1,"6":1},"f":{"0":2,"1":2},"b":{"0":[1,1]},"_coverageSchema":"1a1c01bbd47fc00a2c39e90264f33305004495a9","hash":"c1f05768d32d06c08a13e75b2390d57a91103bd5"}
,"D:\\2026Judo\\judo-backend\\src\\application\\ejercicios\\ActualizarEjercicio.js": {"path":"D:\\2026Judo\\judo-backend\\src\\application\\ejercicios\\ActualizarEjercicio.js","statementMap":{"0":{"start":{"line":2,"column":24},"end":{"line":2,"column":40}},"1":{"start":{"line":3,"column":32},"end":{"line":3,"column":76}},"2":{"start":{"line":5,"column":2},"end":{"line":5,"column":38}}},"fnMap":{"0":{"name":"(anonymous_0)","decl":{"start":{"line":2,"column":4},"end":{"line":2,"column":5}},"loc":{"start":{"line":2,"column":22},"end":{"line":2,"column":42}},"line":2},"1":{"name":"(anonymous_1)","decl":{"start":{"line":3,"column":4},"end":{"line":3,"column":5}},"loc":{"start":{"line":3,"column":30},"end":{"line":3,"column":78}},"line":3}},"branchMap":{},"s":{"0":1,"1":1,"2":1},"f":{"0":1,"1":1},"b":{},"_coverageSchema":"1a1c01bbd47fc00a2c39e90264f33305004495a9","hash":"e3e5b23706f6892cd7c8659fedc79b6a301e8f2a"}
,"D:\\2026Judo\\judo-backend\\src\\application\\ejercicios\\CrearEjercicio.js": {"path":"D:\\2026Judo\\judo-backend\\src\\application\\ejercicios\\CrearEjercicio.js","statementMap":{"0":{"start":{"line":2,"column":24},"end":{"line":2,"column":40}},"1":{"start":{"line":3,"column":28},"end":{"line":3,"column":63}},"2":{"start":{"line":5,"column":2},"end":{"line":5,"column":33}}},"fnMap":{"0":{"name":"(anonymous_0)","decl":{"start":{"line":2,"column":4},"end":{"line":2,"column":5}},"loc":{"start":{"line":2,"column":22},"end":{"line":2,"column":42}},"line":2},"1":{"name":"(anonymous_1)","decl":{"start":{"line":3,"column":4},"end":{"line":3,"column":5}},"loc":{"start":{"line":3,"column":26},"end":{"line":3,"column":65}},"line":3}},"branchMap":{},"s":{"0":2,"1":2,"2":1},"f":{"0":2,"1":2},"b":{},"_coverageSchema":"1a1c01bbd47fc00a2c39e90264f33305004495a9","hash":"18894a849399a12603f3c80e6822f170085f4c50"}
,"D:\\2026Judo\\judo-backend\\src\\application\\ejercicios\\ListarEjercicios.js": {"path":"D:\\2026Judo\\judo-backend\\src\\application\\ejercicios\\ListarEjercicios.js","statementMap":{"0":{"start":{"line":2,"column":24},"end":{"line":2,"column":40}},"1":{"start":{"line":3,"column":23},"end":{"line":3,"column":54}},"2":{"start":{"line":5,"column":2},"end":{"line":5,"column":35}}},"fnMap":{"0":{"name":"(anonymous_0)","decl":{"start":{"line":2,"column":4},"end":{"line":2,"column":5}},"loc":{"start":{"line":2,"column":22},"end":{"line":2,"column":42}},"line":2},"1":{"name":"(anonymous_1)","decl":{"start":{"line":3,"column":4},"end":{"line":3,"column":5}},"loc":{"start":{"line":3,"column":21},"end":{"line":3,"column":56}},"line":3}},"branchMap":{},"s":{"0":2,"1":2,"2":1},"f":{"0":2,"1":2},"b":{},"_coverageSchema":"1a1c01bbd47fc00a2c39e90264f33305004495a9","hash":"1bbe26ea7aa4c02063d6f1bda253b136c66db8c8"}
,"D:\\2026Judo\\judo-backend\\src\\application\\judokas\\ListarJudokasPorClub.js": {"path":"D:\\2026Judo\\judo-backend\\src\\application\\judokas\\ListarJudokasPorClub.js","statementMap":{"0":{"start":{"line":3,"column":6},"end":{"line":3,"column":46}},"1":{"start":{"line":7,"column":6},"end":{"line":7,"column":62}},"2":{"start":{"line":11,"column":2},"end":{"line":11,"column":39}}},"fnMap":{"0":{"name":"(anonymous_0)","decl":{"start":{"line":2,"column":4},"end":{"line":2,"column":5}},"loc":{"start":{"line":2,"column":34},"end":{"line":4,"column":5}},"line":2},"1":{"name":"(anonymous_1)","decl":{"start":{"line":6,"column":4},"end":{"line":6,"column":5}},"loc":{"start":{"line":6,"column":27},"end":{"line":8,"column":5}},"line":6}},"branchMap":{},"s":{"0":2,"1":2,"2":1},"f":{"0":2,"1":2},"b":{},"_coverageSchema":"1a1c01bbd47fc00a2c39e90264f33305004495a9","hash":"b3b1085ed086f98119f5e41a8a49f800fafea0af"}
,"D:\\2026Judo\\judo-backend\\src\\application\\macrociclos\\CrearMacrociclo.js": {"path":"D:\\2026Judo\\judo-backend\\src\\application\\macrociclos\\CrearMacrociclo.js","statementMap":{"0":{"start":{"line":2,"column":24},"end":{"line":2,"column":40}},"1":{"start":{"line":3,"column":28},"end":{"line":3,"column":63}},"2":{"start":{"line":5,"column":2},"end":{"line":5,"column":34}}},"fnMap":{"0":{"name":"(anonymous_0)","decl":{"start":{"line":2,"column":4},"end":{"line":2,"column":5}},"loc":{"start":{"line":2,"column":22},"end":{"line":2,"column":42}},"line":2},"1":{"name":"(anonymous_1)","decl":{"start":{"line":3,"column":4},"end":{"line":3,"column":5}},"loc":{"start":{"line":3,"column":26},"end":{"line":3,"column":65}},"line":3}},"branchMap":{},"s":{"0":1,"1":1,"2":1},"f":{"0":1,"1":1},"b":{},"_coverageSchema":"1a1c01bbd47fc00a2c39e90264f33305004495a9","hash":"a696024e4b5e4237459f54d0cf45218b40ee786c"}
,"D:\\2026Judo\\judo-backend\\src\\application\\mesociclos\\CrearMesociclo.js": {"path":"D:\\2026Judo\\judo-backend\\src\\application\\mesociclos\\CrearMesociclo.js","statementMap":{"0":{"start":{"line":2,"column":24},"end":{"line":2,"column":40}},"1":{"start":{"line":3,"column":28},"end":{"line":3,"column":63}},"2":{"start":{"line":5,"column":2},"end":{"line":5,"column":33}}},"fnMap":{"0":{"name":"(anonymous_0)","decl":{"start":{"line":2,"column":4},"end":{"line":2,"column":5}},"loc":{"start":{"line":2,"column":22},"end":{"line":2,"column":42}},"line":2},"1":{"name":"(anonymous_1)","decl":{"start":{"line":3,"column":4},"end":{"line":3,"column":5}},"loc":{"start":{"line":3,"column":26},"end":{"line":3,"column":65}},"line":3}},"branchMap":{},"s":{"0":1,"1":1,"2":1},"f":{"0":1,"1":1},"b":{},"_coverageSchema":"1a1c01bbd47fc00a2c39e90264f33305004495a9","hash":"85c6bb4bf1e69fab504a85ac6fb428a62302c8f8"}
,"D:\\2026Judo\\judo-backend\\src\\application\\microciclos\\ActualizarEjercicio.js": {"path":"D:\\2026Judo\\judo-backend\\src\\application\\microciclos\\ActualizarEjercicio.js","statementMap":{"0":{"start":{"line":2,"column":24},"end":{"line":2,"column":40}},"1":{"start":{"line":3,"column":32},"end":{"line":3,"column":85}},"2":{"start":{"line":5,"column":2},"end":{"line":5,"column":38}}},"fnMap":{"0":{"name":"(anonymous_0)","decl":{"start":{"line":2,"column":4},"end":{"line":2,"column":5}},"loc":{"start":{"line":2,"column":22},"end":{"line":2,"column":42}},"line":2},"1":{"name":"(anonymous_1)","decl":{"start":{"line":3,"column":4},"end":{"line":3,"column":5}},"loc":{"start":{"line":3,"column":30},"end":{"line":3,"column":87}},"line":3}},"branchMap":{},"s":{"0":1,"1":1,"2":1},"f":{"0":1,"1":1},"b":{},"_coverageSchema":"1a1c01bbd47fc00a2c39e90264f33305004495a9","hash":"01814c71c8a20facbbbc2dcb4ebbe0e4ce7d4174"}
,"D:\\2026Judo\\judo-backend\\src\\application\\microciclos\\AgregarEjercicio.js": {"path":"D:\\2026Judo\\judo-backend\\src\\application\\microciclos\\AgregarEjercicio.js","statementMap":{"0":{"start":{"line":2,"column":24},"end":{"line":2,"column":40}},"1":{"start":{"line":3,"column":28},"end":{"line":3,"column":74}},"2":{"start":{"line":5,"column":2},"end":{"line":5,"column":35}}},"fnMap":{"0":{"name":"(anonymous_0)","decl":{"start":{"line":2,"column":4},"end":{"line":2,"column":5}},"loc":{"start":{"line":2,"column":22},"end":{"line":2,"column":42}},"line":2},"1":{"name":"(anonymous_1)","decl":{"start":{"line":3,"column":4},"end":{"line":3,"column":5}},"loc":{"start":{"line":3,"column":26},"end":{"line":3,"column":76}},"line":3}},"branchMap":{},"s":{"0":2,"1":2,"2":1},"f":{"0":2,"1":2},"b":{},"_coverageSchema":"1a1c01bbd47fc00a2c39e90264f33305004495a9","hash":"22c6d07cb33e7bb374421fe103ee58d89500b811"}
,"D:\\2026Judo\\judo-backend\\src\\application\\microciclos\\CrearMicrociclo.js": {"path":"D:\\2026Judo\\judo-backend\\src\\application\\microciclos\\CrearMicrociclo.js","statementMap":{"0":{"start":{"line":2,"column":24},"end":{"line":2,"column":40}},"1":{"start":{"line":3,"column":28},"end":{"line":3,"column":63}},"2":{"start":{"line":5,"column":2},"end":{"line":5,"column":34}}},"fnMap":{"0":{"name":"(anonymous_0)","decl":{"start":{"line":2,"column":4},"end":{"line":2,"column":5}},"loc":{"start":{"line":2,"column":22},"end":{"line":2,"column":42}},"line":2},"1":{"name":"(anonymous_1)","decl":{"start":{"line":3,"column":4},"end":{"line":3,"column":5}},"loc":{"start":{"line":3,"column":26},"end":{"line":3,"column":65}},"line":3}},"branchMap":{},"s":{"0":2,"1":2,"2":1},"f":{"0":2,"1":2},"b":{},"_coverageSchema":"1a1c01bbd47fc00a2c39e90264f33305004495a9","hash":"a8a882c947b3f280acf253c2f078eef681f9d891"}
,"D:\\2026Judo\\judo-backend\\src\\application\\microciclos\\EliminarEjercicio.js": {"path":"D:\\2026Judo\\judo-backend\\src\\application\\microciclos\\EliminarEjercicio.js","statementMap":{"0":{"start":{"line":2,"column":24},"end":{"line":2,"column":40}},"1":{"start":{"line":3,"column":25},"end":{"line":3,"column":69}},"2":{"start":{"line":5,"column":2},"end":{"line":5,"column":36}}},"fnMap":{"0":{"name":"(anonymous_0)","decl":{"start":{"line":2,"column":4},"end":{"line":2,"column":5}},"loc":{"start":{"line":2,"column":22},"end":{"line":2,"column":42}},"line":2},"1":{"name":"(anonymous_1)","decl":{"start":{"line":3,"column":4},"end":{"line":3,"column":5}},"loc":{"start":{"line":3,"column":23},"end":{"line":3,"column":71}},"line":3}},"branchMap":{},"s":{"0":1,"1":1,"2":1},"f":{"0":1,"1":1},"b":{},"_coverageSchema":"1a1c01bbd47fc00a2c39e90264f33305004495a9","hash":"7130416e032f9aedd82061a97a191f35b8878fe4"}
,"D:\\2026Judo\\judo-backend\\src\\application\\microciclos\\ObtenerMicrociclo.js": {"path":"D:\\2026Judo\\judo-backend\\src\\application\\microciclos\\ObtenerMicrociclo.js","statementMap":{"0":{"start":{"line":2,"column":24},"end":{"line":2,"column":40}},"1":{"start":{"line":3,"column":25},"end":{"line":3,"column":59}},"2":{"start":{"line":5,"column":2},"end":{"line":5,"column":36}}},"fnMap":{"0":{"name":"(anonymous_0)","decl":{"start":{"line":2,"column":4},"end":{"line":2,"column":5}},"loc":{"start":{"line":2,"column":22},"end":{"line":2,"column":42}},"line":2},"1":{"name":"(anonymous_1)","decl":{"start":{"line":3,"column":4},"end":{"line":3,"column":5}},"loc":{"start":{"line":3,"column":23},"end":{"line":3,"column":61}},"line":3}},"branchMap":{},"s":{"0":2,"1":2,"2":1},"f":{"0":2,"1":2},"b":{},"_coverageSchema":"1a1c01bbd47fc00a2c39e90264f33305004495a9","hash":"9173c2a475ad3e595d602f56fbefeacb65c68294"}
,"D:\\2026Judo\\judo-backend\\src\\application\\tests_fisicos\\ActualizarTestFisico.js": {"path":"D:\\2026Judo\\judo-backend\\src\\application\\tests_fisicos\\ActualizarTestFisico.js","statementMap":{"0":{"start":{"line":1,"column":29},"end":{"line":1,"column":67}},"1":{"start":{"line":4,"column":22},"end":{"line":4,"column":38}},"2":{"start":{"line":8,"column":24},"end":{"line":8,"column":54}},"3":{"start":{"line":9,"column":4},"end":{"line":9,"column":54}},"4":{"start":{"line":12,"column":0},"end":{"line":12,"column":37}}},"fnMap":{"0":{"name":"(anonymous_0)","decl":{"start":{"line":4,"column":2},"end":{"line":4,"column":3}},"loc":{"start":{"line":4,"column":20},"end":{"line":4,"column":40}},"line":4},"1":{"name":"(anonymous_1)","decl":{"start":{"line":6,"column":2},"end":{"line":6,"column":3}},"loc":{"start":{"line":6,"column":28},"end":{"line":10,"column":3}},"line":6}},"branchMap":{},"s":{"0":1,"1":2,"2":2,"3":2,"4":1},"f":{"0":2,"1":2},"b":{},"_coverageSchema":"1a1c01bbd47fc00a2c39e90264f33305004495a9","hash":"96d02eb20dea81abcace7a1e90a26dc988d1741e"}
,"D:\\2026Judo\\judo-backend\\src\\application\\tests_fisicos\\CrearTestFisico.js": {"path":"D:\\2026Judo\\judo-backend\\src\\application\\tests_fisicos\\CrearTestFisico.js","statementMap":{"0":{"start":{"line":1,"column":29},"end":{"line":1,"column":67}},"1":{"start":{"line":4,"column":22},"end":{"line":4,"column":38}},"2":{"start":{"line":8,"column":24},"end":{"line":8,"column":54}},"3":{"start":{"line":9,"column":4},"end":{"line":9,"column":45}},"4":{"start":{"line":12,"column":0},"end":{"line":12,"column":32}}},"fnMap":{"0":{"name":"(anonymous_0)","decl":{"start":{"line":4,"column":2},"end":{"line":4,"column":3}},"loc":{"start":{"line":4,"column":20},"end":{"line":4,"column":40}},"line":4},"1":{"name":"(anonymous_1)","decl":{"start":{"line":6,"column":2},"end":{"line":6,"column":3}},"loc":{"start":{"line":6,"column":24},"end":{"line":10,"column":3}},"line":6}},"branchMap":{},"s":{"0":1,"1":2,"2":2,"3":2,"4":1},"f":{"0":2,"1":2},"b":{},"_coverageSchema":"1a1c01bbd47fc00a2c39e90264f33305004495a9","hash":"4f6ecbd8bf6606012720e6e22418201e7f75f19e"}
,"D:\\2026Judo\\judo-backend\\src\\application\\tests_fisicos\\ListarPorJudoka.js": {"path":"D:\\2026Judo\\judo-backend\\src\\application\\tests_fisicos\\ListarPorJudoka.js","statementMap":{"0":{"start":{"line":2,"column":22},"end":{"line":2,"column":38}},"1":{"start":{"line":4,"column":4},"end":{"line":4,"column":52}},"2":{"start":{"line":7,"column":0},"end":{"line":7,"column":32}}},"fnMap":{"0":{"name":"(anonymous_0)","decl":{"start":{"line":2,"column":2},"end":{"line":2,"column":3}},"loc":{"start":{"line":2,"column":20},"end":{"line":2,"column":40}},"line":2},"1":{"name":"(anonymous_1)","decl":{"start":{"line":3,"column":2},"end":{"line":3,"column":3}},"loc":{"start":{"line":3,"column":27},"end":{"line":5,"column":3}},"line":3}},"branchMap":{},"s":{"0":2,"1":2,"2":1},"f":{"0":2,"1":2},"b":{},"_coverageSchema":"1a1c01bbd47fc00a2c39e90264f33305004495a9","hash":"d3c85ed34ef66982a17d975ddab096a62a9805c3"}
,"D:\\2026Judo\\judo-backend\\src\\application\\tests_fisicos\\ListarPorMesociclo.js": {"path":"D:\\2026Judo\\judo-backend\\src\\application\\tests_fisicos\\ListarPorMesociclo.js","statementMap":{"0":{"start":{"line":2,"column":22},"end":{"line":2,"column":38}},"1":{"start":{"line":4,"column":4},"end":{"line":4,"column":58}},"2":{"start":{"line":7,"column":0},"end":{"line":7,"column":35}}},"fnMap":{"0":{"name":"(anonymous_0)","decl":{"start":{"line":2,"column":2},"end":{"line":2,"column":3}},"loc":{"start":{"line":2,"column":20},"end":{"line":2,"column":40}},"line":2},"1":{"name":"(anonymous_1)","decl":{"start":{"line":3,"column":2},"end":{"line":3,"column":3}},"loc":{"start":{"line":3,"column":30},"end":{"line":5,"column":3}},"line":3}},"branchMap":{},"s":{"0":1,"1":1,"2":1},"f":{"0":1,"1":1},"b":{},"_coverageSchema":"1a1c01bbd47fc00a2c39e90264f33305004495a9","hash":"ac1f21671c7e2c22288ddb1cd68f288623da08ed"}
,"D:\\2026Judo\\judo-backend\\src\\shared\\errors\\AppError.js": {"path":"D:\\2026Judo\\judo-backend\\src\\shared\\errors\\AppError.js","statementMap":{"0":{"start":{"line":3,"column":6},"end":{"line":3,"column":20}},"1":{"start":{"line":4,"column":6},"end":{"line":4,"column":34}},"2":{"start":{"line":5,"column":6},"end":{"line":5,"column":70}},"3":{"start":{"line":9,"column":2},"end":{"line":9,"column":27}}},"fnMap":{"0":{"name":"(anonymous_0)","decl":{"start":{"line":2,"column":4},"end":{"line":2,"column":5}},"loc":{"start":{"line":2,"column":37},"end":{"line":6,"column":5}},"line":2}},"branchMap":{"0":{"loc":{"start":{"line":5,"column":20},"end":{"line":5,"column":70}},"type":"cond-expr","locations":[{"start":{"line":5,"column":54},"end":{"line":5,"column":60}},{"start":{"line":5,"column":63},"end":{"line":5,"column":70}}],"line":5}},"s":{"0":5,"1":5,"2":5,"3":2},"f":{"0":5},"b":{"0":[5,0]},"_coverageSchema":"1a1c01bbd47fc00a2c39e90264f33305004495a9","hash":"40912886ebc1bd392ac73014107e9b3da7cb5327"}
,"D:\\2026Judo\\judo-backend\\src\\shared\\utils\\calculos.js": {"path":"D:\\2026Judo\\judo-backend\\src\\shared\\utils\\calculos.js","statementMap":{"0":{"start":{"line":16,"column":2},"end":{"line":16,"column":77}},"1":{"start":{"line":16,"column":66},"end":{"line":16,"column":77}},"2":{"start":{"line":17,"column":2},"end":{"line":17,"column":56}},"3":{"start":{"line":17,"column":45},"end":{"line":17,"column":56}},"4":{"start":{"line":18,"column":21},"end":{"line":18,"column":36}},"5":{"start":{"line":19,"column":14},"end":{"line":19,"column":75}},"6":{"start":{"line":20,"column":2},"end":{"line":20,"column":36}},"7":{"start":{"line":34,"column":2},"end":{"line":34,"column":73}},"8":{"start":{"line":34,"column":62},"end":{"line":34,"column":73}},"9":{"start":{"line":35,"column":2},"end":{"line":35,"column":56}},"10":{"start":{"line":35,"column":45},"end":{"line":35,"column":56}},"11":{"start":{"line":36,"column":21},"end":{"line":36,"column":36}},"12":{"start":{"line":37,"column":14},"end":{"line":37,"column":87}},"13":{"start":{"line":38,"column":2},"end":{"line":38,"column":36}},"14":{"start":{"line":48,"column":2},"end":{"line":48,"column":45}},"15":{"start":{"line":48,"column":34},"end":{"line":48,"column":45}},"16":{"start":{"line":49,"column":21},"end":{"line":49,"column":34}},"17":{"start":{"line":50,"column":26},"end":{"line":50,"column":43}},"18":{"start":{"line":51,"column":24},"end":{"line":51,"column":53}},"19":{"start":{"line":52,"column":14},"end":{"line":52,"column":43}},"20":{"start":{"line":53,"column":2},"end":{"line":56,"column":3}},"21":{"start":{"line":67,"column":2},"end":{"line":67,"column":41}},"22":{"start":{"line":67,"column":30},"end":{"line":67,"column":41}},"23":{"start":{"line":68,"column":24},"end":{"line":68,"column":42}},"24":{"start":{"line":69,"column":14},"end":{"line":69,"column":46}},"25":{"start":{"line":70,"column":2},"end":{"line":73,"column":3}},"26":{"start":{"line":82,"column":2},"end":{"line":82,"column":27}},"27":{"start":{"line":82,"column":17},"end":{"line":82,"column":27}},"28":{"start":{"line":83,"column":14},"end":{"line":83,"column":39}},"29":{"start":{"line":84,"column":14},"end":{"line":84,"column":27}},"30":{"start":{"line":85,"column":2},"end":{"line":85,"column":52}},"31":{"start":{"line":94,"column":15},"end":{"line":94,"column":34}},"32":{"start":{"line":97,"column":2},"end":{"line":99,"column":3}},"33":{"start":{"line":98,"column":4},"end":{"line":98,"column":105}},"34":{"start":{"line":102,"column":2},"end":{"line":104,"column":3}},"35":{"start":{"line":103,"column":4},"end":{"line":103,"column":105}},"36":{"start":{"line":107,"column":2},"end":{"line":109,"column":3}},"37":{"start":{"line":108,"column":4},"end":{"line":108,"column":125}},"38":{"start":{"line":112,"column":2},"end":{"line":114,"column":3}},"39":{"start":{"line":113,"column":4},"end":{"line":113,"column":104}},"40":{"start":{"line":117,"column":2},"end":{"line":119,"column":3}},"41":{"start":{"line":118,"column":4},"end":{"line":118,"column":120}},"42":{"start":{"line":122,"column":2},"end":{"line":128,"column":3}},"43":{"start":{"line":123,"column":16},"end":{"line":123,"column":56}},"44":{"start":{"line":124,"column":4},"end":{"line":127,"column":5}},"45":{"start":{"line":125,"column":6},"end":{"line":125,"column":32}},"46":{"start":{"line":126,"column":6},"end":{"line":126,"column":48}},"47":{"start":{"line":131,"column":2},"end":{"line":137,"column":3}},"48":{"start":{"line":132,"column":16},"end":{"line":132,"column":56}},"49":{"start":{"line":133,"column":4},"end":{"line":136,"column":5}},"50":{"start":{"line":134,"column":6},"end":{"line":134,"column":33}},"51":{"start":{"line":135,"column":6},"end":{"line":135,"column":49}},"52":{"start":{"line":139,"column":2},"end":{"line":139,"column":14}},"53":{"start":{"line":142,"column":0},"end":{"line":149,"column":1}}},"fnMap":{"0":{"name":"calcularVO2Fuerza","decl":{"start":{"line":15,"column":9},"end":{"line":15,"column":26}},"loc":{"start":{"line":15,"column":77},"end":{"line":21,"column":1}},"line":15},"1":{"name":"calcularVO2Reps","decl":{"start":{"line":33,"column":9},"end":{"line":33,"column":24}},"loc":{"start":{"line":33,"column":71},"end":{"line":39,"column":1}},"line":33},"2":{"name":"calcularVO2Mil500","decl":{"start":{"line":47,"column":9},"end":{"line":47,"column":26}},"loc":{"start":{"line":47,"column":37},"end":{"line":57,"column":1}},"line":47},"3":{"name":"calcularVO2Navette","decl":{"start":{"line":66,"column":9},"end":{"line":66,"column":27}},"loc":{"start":{"line":66,"column":36},"end":{"line":74,"column":1}},"line":66},"4":{"name":"formatearTiempo","decl":{"start":{"line":81,"column":9},"end":{"line":81,"column":24}},"loc":{"start":{"line":81,"column":35},"end":{"line":86,"column":1}},"line":81},"5":{"name":"calcularTodosVO2","decl":{"start":{"line":93,"column":9},"end":{"line":93,"column":25}},"loc":{"start":{"line":93,"column":33},"end":{"line":140,"column":1}},"line":93}},"branchMap":{"0":{"loc":{"start":{"line":16,"column":2},"end":{"line":16,"column":77}},"type":"if","locations":[{"start":{"line":16,"column":2},"end":{"line":16,"column":77}},{"start":{},"end":{}}],"line":16},"1":{"loc":{"start":{"line":16,"column":6},"end":{"line":16,"column":64}},"type":"binary-expr","locations":[{"start":{"line":16,"column":6},"end":{"line":16,"column":15}},{"start":{"line":16,"column":19},"end":{"line":16,"column":31}},{"start":{"line":16,"column":35},"end":{"line":16,"column":46}},{"start":{"line":16,"column":50},"end":{"line":16,"column":64}}],"line":16},"2":{"loc":{"start":{"line":17,"column":2},"end":{"line":17,"column":56}},"type":"if","locations":[{"start":{"line":17,"column":2},"end":{"line":17,"column":56}},{"start":{},"end":{}}],"line":17},"3":{"loc":{"start":{"line":17,"column":6},"end":{"line":17,"column":43}},"type":"binary-expr","locations":[{"start":{"line":17,"column":6},"end":{"line":17,"column":21}},{"start":{"line":17,"column":25},"end":{"line":17,"column":43}}],"line":17},"4":{"loc":{"start":{"line":34,"column":2},"end":{"line":34,"column":73}},"type":"if","locations":[{"start":{"line":34,"column":2},"end":{"line":34,"column":73}},{"start":{},"end":{}}],"line":34},"5":{"loc":{"start":{"line":34,"column":6},"end":{"line":34,"column":60}},"type":"binary-expr","locations":[{"start":{"line":34,"column":6},"end":{"line":34,"column":11}},{"start":{"line":34,"column":15},"end":{"line":34,"column":27}},{"start":{"line":34,"column":31},"end":{"line":34,"column":42}},{"start":{"line":34,"column":46},"end":{"line":34,"column":60}}],"line":34},"6":{"loc":{"start":{"line":35,"column":2},"end":{"line":35,"column":56}},"type":"if","locations":[{"start":{"line":35,"column":2},"end":{"line":35,"column":56}},{"start":{},"end":{}}],"line":35},"7":{"loc":{"start":{"line":35,"column":6},"end":{"line":35,"column":43}},"type":"binary-expr","locations":[{"start":{"line":35,"column":6},"end":{"line":35,"column":21}},{"start":{"line":35,"column":25},"end":{"line":35,"column":43}}],"line":35},"8":{"loc":{"start":{"line":48,"column":2},"end":{"line":48,"column":45}},"type":"if","locations":[{"start":{"line":48,"column":2},"end":{"line":48,"column":45}},{"start":{},"end":{}}],"line":48},"9":{"loc":{"start":{"line":48,"column":6},"end":{"line":48,"column":32}},"type":"binary-expr","locations":[{"start":{"line":48,"column":6},"end":{"line":48,"column":15}},{"start":{"line":48,"column":19},"end":{"line":48,"column":32}}],"line":48},"10":{"loc":{"start":{"line":67,"column":2},"end":{"line":67,"column":41}},"type":"if","locations":[{"start":{"line":67,"column":2},"end":{"line":67,"column":41}},{"start":{},"end":{}}],"line":67},"11":{"loc":{"start":{"line":67,"column":6},"end":{"line":67,"column":28}},"type":"binary-expr","locations":[{"start":{"line":67,"column":6},"end":{"line":67,"column":13}},{"start":{"line":67,"column":17},"end":{"line":67,"column":28}}],"line":67},"12":{"loc":{"start":{"line":82,"column":2},"end":{"line":82,"column":27}},"type":"if","locations":[{"start":{"line":82,"column":2},"end":{"line":82,"column":27}},{"start":{},"end":{}}],"line":82},"13":{"loc":{"start":{"line":97,"column":2},"end":{"line":99,"column":3}},"type":"if","locations":[{"start":{"line":97,"column":2},"end":{"line":99,"column":3}},{"start":{},"end":{}}],"line":97},"14":{"loc":{"start":{"line":97,"column":6},"end":{"line":97,"column":68}},"type":"binary-expr","locations":[{"start":{"line":97,"column":6},"end":{"line":97,"column":21}},{"start":{"line":97,"column":25},"end":{"line":97,"column":46}},{"start":{"line":97,"column":50},"end":{"line":97,"column":68}}],"line":97},"15":{"loc":{"start":{"line":102,"column":2},"end":{"line":104,"column":3}},"type":"if","locations":[{"start":{"line":102,"column":2},"end":{"line":104,"column":3}},{"start":{},"end":{}}],"line":102},"16":{"loc":{"start":{"line":102,"column":6},"end":{"line":102,"column":68}},"type":"binary-expr","locations":[{"start":{"line":102,"column":6},"end":{"line":102,"column":21}},{"start":{"line":102,"column":25},"end":{"line":102,"column":46}},{"start":{"line":102,"column":50},"end":{"line":102,"column":68}}],"line":102},"17":{"loc":{"start":{"line":107,"column":2},"end":{"line":109,"column":3}},"type":"if","locations":[{"start":{"line":107,"column":2},"end":{"line":109,"column":3}},{"start":{},"end":{}}],"line":107},"18":{"loc":{"start":{"line":107,"column":6},"end":{"line":107,"column":83}},"type":"binary-expr","locations":[{"start":{"line":107,"column":6},"end":{"line":107,"column":26}},{"start":{"line":107,"column":30},"end":{"line":107,"column":56}},{"start":{"line":107,"column":60},"end":{"line":107,"column":83}}],"line":107},"19":{"loc":{"start":{"line":112,"column":2},"end":{"line":114,"column":3}},"type":"if","locations":[{"start":{"line":112,"column":2},"end":{"line":114,"column":3}},{"start":{},"end":{}}],"line":112},"20":{"loc":{"start":{"line":112,"column":6},"end":{"line":112,"column":69}},"type":"binary-expr","locations":[{"start":{"line":112,"column":6},"end":{"line":112,"column":22}},{"start":{"line":112,"column":26},"end":{"line":112,"column":47}},{"start":{"line":112,"column":51},"end":{"line":112,"column":69}}],"line":112},"21":{"loc":{"start":{"line":117,"column":2},"end":{"line":119,"column":3}},"type":"if","locations":[{"start":{"line":117,"column":2},"end":{"line":119,"column":3}},{"start":{},"end":{}}],"line":117},"22":{"loc":{"start":{"line":117,"column":6},"end":{"line":117,"column":81}},"type":"binary-expr","locations":[{"start":{"line":117,"column":6},"end":{"line":117,"column":26}},{"start":{"line":117,"column":30},"end":{"line":117,"column":55}},{"start":{"line":117,"column":59},"end":{"line":117,"column":81}}],"line":117},"23":{"loc":{"start":{"line":122,"column":2},"end":{"line":128,"column":3}},"type":"if","locations":[{"start":{"line":122,"column":2},"end":{"line":128,"column":3}},{"start":{},"end":{}}],"line":122},"24":{"loc":{"start":{"line":124,"column":4},"end":{"line":127,"column":5}},"type":"if","locations":[{"start":{"line":124,"column":4},"end":{"line":127,"column":5}},{"start":{},"end":{}}],"line":124},"25":{"loc":{"start":{"line":131,"column":2},"end":{"line":137,"column":3}},"type":"if","locations":[{"start":{"line":131,"column":2},"end":{"line":137,"column":3}},{"start":{},"end":{}}],"line":131},"26":{"loc":{"start":{"line":133,"column":4},"end":{"line":136,"column":5}},"type":"if","locations":[{"start":{"line":133,"column":4},"end":{"line":136,"column":5}},{"start":{},"end":{}}],"line":133}},"s":{"0":4,"1":3,"2":1,"3":0,"4":1,"5":1,"6":1,"7":0,"8":0,"9":0,"10":0,"11":0,"12":0,"13":0,"14":2,"15":1,"16":1,"17":1,"18":1,"19":1,"20":1,"21":6,"22":2,"23":4,"24":4,"25":4,"26":0,"27":0,"28":0,"29":0,"30":0,"31":4,"32":4,"33":0,"34":4,"35":0,"36":4,"37":0,"38":4,"39":0,"40":4,"41":0,"42":4,"43":0,"44":0,"45":0,"46":0,"47":4,"48":3,"49":3,"50":3,"51":3,"52":4,"53":2},"f":{"0":4,"1":0,"2":2,"3":6,"4":0,"5":4},"b":{"0":[3,1],"1":[4,3,3,2],"2":[0,1],"3":[1,1],"4":[0,0],"5":[0,0,0,0],"6":[0,0],"7":[0,0],"8":[1,1],"9":[2,1],"10":[2,4],"11":[6,5],"12":[0,0],"13":[0,4],"14":[4,0,0],"15":[0,4],"16":[4,0,0],"17":[0,4],"18":[4,0,0],"19":[0,4],"20":[4,0,0],"21":[0,4],"22":[4,0,0],"23":[0,4],"24":[0,0],"25":[3,1],"26":[3,0]},"_coverageSchema":"1a1c01bbd47fc00a2c39e90264f33305004495a9","hash":"644d5c0ad45eae12957a12d5709dd98fd13d934c"}
}
