TN:
SF:src\application\atletasClub\AsignarJudoka.js
FN:4,(anonymous_0)
FN:8,(anonymous_1)
FNF:2
FNH:2
FNDA:2,(anonymous_0)
FNDA:2,(anonymous_1)
DA:1,1
DA:5,2
DA:9,2
DA:10,0
DA:12,2
DA:13,0
DA:17,2
DA:18,2
DA:19,1
DA:22,1
DA:31,1
LF:11
LH:9
BRDA:9,0,0,0
BRDA:9,0,1,2
BRDA:12,1,0,0
BRDA:12,1,1,2
BRDA:12,2,0,2
BRDA:12,2,1,2
BRDA:18,3,0,1
BRDA:18,3,1,1
BRF:8
BRH:6
end_of_record
TN:
SF:src\application\atletasClub\DesactivarJudoka.js
FN:4,(anonymous_0)
FN:8,(anonymous_1)
FNF:2
FNH:2
FNDA:2,(anonymous_0)
FNDA:2,(anonymous_1)
DA:1,1
DA:5,2
DA:9,2
DA:10,0
DA:13,2
DA:14,2
DA:16,1
DA:25,1
LF:8
LH:7
BRDA:9,0,0,0
BRDA:9,0,1,2
BRDA:14,1,0,1
BRDA:14,1,1,1
BRDA:19,2,0,1
BRDA:19,2,1,0
BRDA:20,3,0,1
BRDA:20,3,1,1
BRF:8
BRH:6
end_of_record
TN:
SF:src\application\atletasClub\HistorialJudoka.js
FN:2,(anonymous_0)
FN:6,(anonymous_1)
FNF:2
FNH:2
FNDA:1,(anonymous_0)
FNDA:1,(anonymous_1)
DA:3,1
DA:7,1
DA:11,1
LF:3
LH:3
BRF:0
BRH:0
end_of_record
TN:
SF:src\application\clubes\ActualizarClub.js
FN:4,(anonymous_0)
FN:8,(anonymous_1)
FNF:2
FNH:2
FNDA:2,(anonymous_0)
FNDA:2,(anonymous_1)
DA:1,1
DA:5,2
DA:9,2
DA:10,0
DA:12,2
DA:13,2
DA:15,1
DA:19,1
LF:8
LH:7
BRDA:9,0,0,0
BRDA:9,0,1,2
BRDA:13,1,0,1
BRDA:13,1,1,1
BRF:4
BRH:3
end_of_record
TN:
SF:src\application\clubes\CrearClub.js
FN:4,(anonymous_0)
FN:8,(anonymous_1)
FNF:2
FNH:2
FNDA:2,(anonymous_0)
FNDA:2,(anonymous_1)
DA:1,1
DA:5,2
DA:9,2
DA:10,0
DA:12,2
DA:14,1
DA:18,1
LF:7
LH:6
BRDA:9,0,0,0
BRDA:9,0,1,2
BRDA:12,1,0,1
BRDA:12,1,1,1
BRF:4
BRH:3
end_of_record
TN:
SF:src\application\clubes\ObtenerClub.js
FN:4,(anonymous_0)
FN:8,(anonymous_1)
FNF:2
FNH:2
FNDA:2,(anonymous_0)
FNDA:2,(anonymous_1)
DA:1,1
DA:5,2
DA:9,2
DA:10,2
DA:11,1
DA:15,1
LF:6
LH:6
BRDA:10,0,0,1
BRDA:10,0,1,1
BRF:2
BRH:2
end_of_record
TN:
SF:src\application\ejercicios\ActualizarEjercicio.js
FN:2,(anonymous_0)
FN:3,(anonymous_1)
FNF:2
FNH:2
FNDA:1,(anonymous_0)
FNDA:1,(anonymous_1)
DA:2,1
DA:3,1
DA:5,1
LF:3
LH:3
BRF:0
BRH:0
end_of_record
TN:
SF:src\application\ejercicios\CrearEjercicio.js
FN:2,(anonymous_0)
FN:3,(anonymous_1)
FNF:2
FNH:2
FNDA:2,(anonymous_0)
FNDA:2,(anonymous_1)
DA:2,2
DA:3,2
DA:5,1
LF:3
LH:3
BRF:0
BRH:0
end_of_record
TN:
SF:src\application\ejercicios\ListarEjercicios.js
FN:2,(anonymous_0)
FN:3,(anonymous_1)
FNF:2
FNH:2
FNDA:2,(anonymous_0)
FNDA:2,(anonymous_1)
DA:2,2
DA:3,2
DA:5,1
LF:3
LH:3
BRF:0
BRH:0
end_of_record
TN:
SF:src\application\judokas\ListarJudokasPorClub.js
FN:2,(anonymous_0)
FN:6,(anonymous_1)
FNF:2
FNH:2
FNDA:2,(anonymous_0)
FNDA:2,(anonymous_1)
DA:3,2
DA:7,2
DA:11,1
LF:3
LH:3
BRF:0
BRH:0
end_of_record
TN:
SF:src\application\macrociclos\CrearMacrociclo.js
FN:2,(anonymous_0)
FN:3,(anonymous_1)
FNF:2
FNH:2
FNDA:1,(anonymous_0)
FNDA:1,(anonymous_1)
DA:2,1
DA:3,1
DA:5,1
LF:3
LH:3
BRF:0
BRH:0
end_of_record
TN:
SF:src\application\mesociclos\CrearMesociclo.js
FN:2,(anonymous_0)
FN:3,(anonymous_1)
FNF:2
FNH:2
FNDA:1,(anonymous_0)
FNDA:1,(anonymous_1)
DA:2,1
DA:3,1
DA:5,1
LF:3
LH:3
BRF:0
BRH:0
end_of_record
TN:
SF:src\application\microciclos\ActualizarEjercicio.js
FN:2,(anonymous_0)
FN:3,(anonymous_1)
FNF:2
FNH:2
FNDA:1,(anonymous_0)
FNDA:1,(anonymous_1)
DA:2,1
DA:3,1
DA:5,1
LF:3
LH:3
BRF:0
BRH:0
end_of_record
TN:
SF:src\application\microciclos\AgregarEjercicio.js
FN:2,(anonymous_0)
FN:3,(anonymous_1)
FNF:2
FNH:2
FNDA:2,(anonymous_0)
FNDA:2,(anonymous_1)
DA:2,2
DA:3,2
DA:5,1
LF:3
LH:3
BRF:0
BRH:0
end_of_record
TN:
SF:src\application\microciclos\CrearMicrociclo.js
FN:2,(anonymous_0)
FN:3,(anonymous_1)
FNF:2
FNH:2
FNDA:2,(anonymous_0)
FNDA:2,(anonymous_1)
DA:2,2
DA:3,2
DA:5,1
LF:3
LH:3
BRF:0
BRH:0
end_of_record
TN:
SF:src\application\microciclos\EliminarEjercicio.js
FN:2,(anonymous_0)
FN:3,(anonymous_1)
FNF:2
FNH:2
FNDA:1,(anonymous_0)
FNDA:1,(anonymous_1)
DA:2,1
DA:3,1
DA:5,1
LF:3
LH:3
BRF:0
BRH:0
end_of_record
TN:
SF:src\application\microciclos\ObtenerMicrociclo.js
FN:2,(anonymous_0)
FN:3,(anonymous_1)
FNF:2
FNH:2
FNDA:2,(anonymous_0)
FNDA:2,(anonymous_1)
DA:2,2
DA:3,2
DA:5,1
LF:3
LH:3
BRF:0
BRH:0
end_of_record
TN:
SF:src\application\tests_fisicos\ActualizarTestFisico.js
FN:4,(anonymous_0)
FN:6,(anonymous_1)
FNF:2
FNH:2
FNDA:2,(anonymous_0)
FNDA:2,(anonymous_1)
DA:1,1
DA:4,2
DA:8,2
DA:9,2
DA:12,1
LF:5
LH:5
BRF:0
BRH:0
end_of_record
TN:
SF:src\application\tests_fisicos\CrearTestFisico.js
FN:4,(anonymous_0)
FN:6,(anonymous_1)
FNF:2
FNH:2
FNDA:2,(anonymous_0)
FNDA:2,(anonymous_1)
DA:1,1
DA:4,2
DA:8,2
DA:9,2
DA:12,1
LF:5
LH:5
BRF:0
BRH:0
end_of_record
TN:
SF:src\application\tests_fisicos\ListarPorJudoka.js
FN:2,(anonymous_0)
FN:3,(anonymous_1)
FNF:2
FNH:2
FNDA:2,(anonymous_0)
FNDA:2,(anonymous_1)
DA:2,2
DA:4,2
DA:7,1
LF:3
LH:3
BRF:0
BRH:0
end_of_record
TN:
SF:src\application\tests_fisicos\ListarPorMesociclo.js
FN:2,(anonymous_0)
FN:3,(anonymous_1)
FNF:2
FNH:2
FNDA:1,(anonymous_0)
FNDA:1,(anonymous_1)
DA:2,1
DA:4,1
DA:7,1
LF:3
LH:3
BRF:0
BRH:0
end_of_record
TN:
SF:src\shared\errors\AppError.js
FN:2,(anonymous_0)
FNF:1
FNH:1
FNDA:5,(anonymous_0)
DA:3,5
DA:4,5
DA:5,5
DA:9,2
LF:4
LH:4
BRDA:5,0,0,5
BRDA:5,0,1,0
BRF:2
BRH:1
end_of_record
TN:
SF:src\shared\utils\calculos.js
FN:15,calcularVO2Fuerza
FN:33,calcularVO2Reps
FN:47,calcularVO2Mil500
FN:66,calcularVO2Navette
FN:81,formatearTiempo
FN:93,calcularTodosVO2
FNF:6
FNH:4
FNDA:4,calcularVO2Fuerza
FNDA:0,calcularVO2Reps
FNDA:2,calcularVO2Mil500
FNDA:6,calcularVO2Navette
FNDA:0,formatearTiempo
FNDA:4,calcularTodosVO2
DA:16,4
DA:17,1
DA:18,1
DA:19,1
DA:20,1
DA:34,0
DA:35,0
DA:36,0
DA:37,0
DA:38,0
DA:48,2
DA:49,1
DA:50,1
DA:51,1
DA:52,1
DA:53,1
DA:67,6
DA:68,4
DA:69,4
DA:70,4
DA:82,0
DA:83,0
DA:84,0
DA:85,0
DA:94,4
DA:97,4
DA:98,0
DA:102,4
DA:103,0
DA:107,4
DA:108,0
DA:112,4
DA:113,0
DA:117,4
DA:118,0
DA:122,4
DA:123,0
DA:124,0
DA:125,0
DA:126,0
DA:131,4
DA:132,3
DA:133,3
DA:134,3
DA:135,3
DA:139,4
DA:142,2
LF:47
LH:29
BRDA:16,0,0,3
BRDA:16,0,1,1
BRDA:16,1,0,4
BRDA:16,1,1,3
BRDA:16,1,2,3
BRDA:16,1,3,2
BRDA:17,2,0,0
BRDA:17,2,1,1
BRDA:17,3,0,1
BRDA:17,3,1,1
BRDA:34,4,0,0
BRDA:34,4,1,0
BRDA:34,5,0,0
BRDA:34,5,1,0
BRDA:34,5,2,0
BRDA:34,5,3,0
BRDA:35,6,0,0
BRDA:35,6,1,0
BRDA:35,7,0,0
BRDA:35,7,1,0
BRDA:48,8,0,1
BRDA:48,8,1,1
BRDA:48,9,0,2
BRDA:48,9,1,1
BRDA:67,10,0,2
BRDA:67,10,1,4
BRDA:67,11,0,6
BRDA:67,11,1,5
BRDA:82,12,0,0
BRDA:82,12,1,0
BRDA:97,13,0,0
BRDA:97,13,1,4
BRDA:97,14,0,4
BRDA:97,14,1,0
BRDA:97,14,2,0
BRDA:102,15,0,0
BRDA:102,15,1,4
BRDA:102,16,0,4
BRDA:102,16,1,0
BRDA:102,16,2,0
BRDA:107,17,0,0
BRDA:107,17,1,4
BRDA:107,18,0,4
BRDA:107,18,1,0
BRDA:107,18,2,0
BRDA:112,19,0,0
BRDA:112,19,1,4
BRDA:112,20,0,4
BRDA:112,20,1,0
BRDA:112,20,2,0
BRDA:117,21,0,0
BRDA:117,21,1,4
BRDA:117,22,0,4
BRDA:117,22,1,0
BRDA:117,22,2,0
BRDA:122,23,0,0
BRDA:122,23,1,4
BRDA:124,24,0,0
BRDA:124,24,1,0
BRDA:131,25,0,3
BRDA:131,25,1,1
BRDA:133,26,0,3
BRDA:133,26,1,0
BRF:63
BRH:31
end_of_record
